<?xml version="1.0" encoding="UTF-8"?>
<!-- Generated by org.testng.reporters.JUnitReportReporter -->
<testsuite hostname="LIN24007749" failures="0" tests="1" name="runner.MyRunner" time="0.301" errors="1" timestamp="2022-07-07T21:42:59 IST" skipped="0">
  <testcase classname="runner.MyRunner" name="setUpClass" time="0.301">
    <error message="Failed to parse resource at: file:///C:/Users/srathod1/eclipse-workspace/SeleniumAutomationOpenCartApplication/src/test/java/features/Checkout.feature
(3:1): expected: #TagLine, #RuleLine, #Comment, #Empty, got &#039;Background:&#039;
(4:1): expected: #TagLine, #RuleLine, #Comment, #Empty, got &#039;Given Open Browser and enter URL for the website&#039;
(6:1): expected: #TagLine, #RuleLine, #Comment, #Empty, got &#039;Scenario Outline: checkout the products as a guest user&#039;
(9:1): expected: #TagLine, #RuleLine, #Comment, #Empty, got &#039;And Search the product (HP)from search option(Header)&#039;
(10:1): expected: #TagLine, #RuleLine, #Comment, #Empty, got &#039;Then Add them to Add to cart&#039;
(11:1): expected: #TagLine, #RuleLine, #Comment, #Empty, got &#039;And The product is successfully added into shopping cart&#039;
(12:1): expected: #TagLine, #RuleLine, #Comment, #Empty, got &#039;Then Click on the shopping cart button&#039;
(13:1): expected: #TagLine, #RuleLine, #Comment, #Empty, got &#039;And Click on the checkoutbutton&#039;
(14:1): expected: #TagLine, #RuleLine, #Comment, #Empty, got &#039;Then Click on the as a guest user&#039;
(15:1): expected: #TagLine, #RuleLine, #Comment, #Empty, got &#039;And click on the continue button in step one&#039;
(16:1): expected: #TagLine, #RuleLine, #Comment, #Empty, got &#039;Then fill in the delivery details&#039;" type="io.cucumber.core.gherkin.FeatureParserException">
      <![CDATA[io.cucumber.core.gherkin.FeatureParserException: Failed to parse resource at: file:///C:/Users/srathod1/eclipse-workspace/SeleniumAutomationOpenCartApplication/src/test/java/features/Checkout.feature
(3:1): expected: #TagLine, #RuleLine, #Comment, #Empty, got 'Background:'
(4:1): expected: #TagLine, #RuleLine, #Comment, #Empty, got 'Given Open Browser and enter URL for the website'
(6:1): expected: #TagLine, #RuleLine, #Comment, #Empty, got 'Scenario Outline: checkout the products as a guest user'
(9:1): expected: #TagLine, #RuleLine, #Comment, #Empty, got 'And Search the product (HP)from search option(Header)'
(10:1): expected: #TagLine, #RuleLine, #Comment, #Empty, got 'Then Add them to Add to cart'
(11:1): expected: #TagLine, #RuleLine, #Comment, #Empty, got 'And The product is successfully added into shopping cart'
(12:1): expected: #TagLine, #RuleLine, #Comment, #Empty, got 'Then Click on the shopping cart button'
(13:1): expected: #TagLine, #RuleLine, #Comment, #Empty, got 'And Click on the checkoutbutton'
(14:1): expected: #TagLine, #RuleLine, #Comment, #Empty, got 'Then Click on the as a guest user'
(15:1): expected: #TagLine, #RuleLine, #Comment, #Empty, got 'And click on the continue button in step one'
(16:1): expected: #TagLine, #RuleLine, #Comment, #Empty, got 'Then fill in the delivery details'
at io.cucumber.core.gherkin.messages.GherkinMessagesFeatureParser.parse(GherkinMessagesFeatureParser.java:43)
at io.cucumber.core.feature.FeatureParser.parseResource(FeatureParser.java:45)
at java.base/java.util.function.BiFunction.lambda$andThen$0(BiFunction.java:70)
at io.cucumber.core.resource.ResourceScanner.lambda$processResource$1(ResourceScanner.java:79)
at io.cucumber.core.resource.PathScanner$ResourceFileVisitor.visitFile(PathScanner.java:75)
at io.cucumber.core.resource.PathScanner$ResourceFileVisitor.visitFile(PathScanner.java:60)
at java.base/java.nio.file.Files.walkFileTree(Files.java:2812)
at io.cucumber.core.resource.PathScanner.findResourcesForPath(PathScanner.java:53)
at io.cucumber.core.resource.PathScanner.findResourcesForUri(PathScanner.java:31)
at io.cucumber.core.resource.ResourceScanner.findResourcesForUri(ResourceScanner.java:61)
at io.cucumber.core.resource.ResourceScanner.scanForResourcesUri(ResourceScanner.java:134)
at io.cucumber.core.runtime.FeaturePathFeatureSupplier.loadFeatures(FeaturePathFeatureSupplier.java:62)
at io.cucumber.core.runtime.FeaturePathFeatureSupplier.get(FeaturePathFeatureSupplier.java:45)
at io.cucumber.testng.TestNGCucumberRunner.<init>(TestNGCucumberRunner.java:122)
at io.cucumber.testng.AbstractTestNGCucumberTests.setUpClass(AbstractTestNGCucumberTests.java:27)
at java.base/jdk.internal.reflect.DirectMethodHandleAccessor.invoke(DirectMethodHandleAccessor.java:104)
at java.base/java.lang.reflect.Method.invoke(Method.java:577)
at org.testng.internal.MethodInvocationHelper.invokeMethod(MethodInvocationHelper.java:133)
at org.testng.internal.MethodInvocationHelper.invokeMethodConsideringTimeout(MethodInvocationHelper.java:62)
at org.testng.internal.ConfigInvoker.invokeConfigurationMethod(ConfigInvoker.java:385)
at org.testng.internal.ConfigInvoker.invokeConfigurations(ConfigInvoker.java:321)
at org.testng.internal.TestMethodWorker.invokeBeforeClassMethods(TestMethodWorker.java:176)
at org.testng.internal.TestMethodWorker.run(TestMethodWorker.java:122)
at java.base/java.util.ArrayList.forEach(ArrayList.java:1511)
at org.testng.TestRunner.privateRun(TestRunner.java:794)
at org.testng.TestRunner.run(TestRunner.java:596)
at org.testng.SuiteRunner.runTest(SuiteRunner.java:377)
at org.testng.SuiteRunner.runSequentially(SuiteRunner.java:371)
at org.testng.SuiteRunner.privateRun(SuiteRunner.java:332)
at org.testng.SuiteRunner.run(SuiteRunner.java:276)
at org.testng.SuiteRunnerWorker.runSuite(SuiteRunnerWorker.java:53)
at org.testng.SuiteRunnerWorker.run(SuiteRunnerWorker.java:96)
at org.testng.TestNG.runSuitesSequentially(TestNG.java:1212)
at org.testng.TestNG.runSuitesLocally(TestNG.java:1134)
at org.testng.TestNG.runSuites(TestNG.java:1063)
at org.testng.TestNG.run(TestNG.java:1031)
at org.testng.remote.AbstractRemoteTestNG.run(AbstractRemoteTestNG.java:115)
at org.testng.remote.RemoteTestNG.initAndRun(RemoteTestNG.java:251)
at org.testng.remote.RemoteTestNG.main(RemoteTestNG.java:77)
]]>
    </error>
  </testcase> <!-- setUpClass -->
  <system-out/>
</testsuite> <!-- runner.MyRunner -->
